<?xml version="1.0" encoding="UTF-8"?>
<!-- Generated by org.testng.reporters.JUnitXMLReporter -->
<testsuite ignored="0" hostname="DESKTOP-ITCLR6C" failures="1" tests="2" name="Test" time="7.643" errors="0" timestamp="2023-03-30T23:47:08 IST">
  <testcase classname="tests.HomePageTCs" name="verifyLogo" time="0.138">
    <failure type="java.lang.NullPointerException">
      <![CDATA[java.lang.NullPointerException
at pages.HomePage.validateLogoImage(HomePage.java:69)
at tests.HomePageTCs.verifyLogo(HomePageTCs.java:21)
at java.base/java.util.ArrayList.forEach(ArrayList.java:1541)
... Removed 27 stack frames]]>
    </failure>
  </testcase> <!-- verifyLogo -->
  <testcase classname="tests.SignInPageTCs" name="LogIn" time="0.0">
    <skipped/>
  </testcase> <!-- LogIn -->
</testsuite> <!-- Test -->
